<?xml version="1.0" encoding="UTF-8"?>
<!-- Generated by org.testng.reporters.JUnitReportReporter -->
<testsuite hostname="PC350015" name="Search.Search_Dotw" tests="1" failures="0" timestamp="13 Feb 2018 13:38:43 GMT" time="57.966" errors="0">
  <testcase name="SearchDotw" time="57.966" classname="Search.Search_Dotw"/>
</testsuite> <!-- Search.Search_Dotw -->
