<?xml version="1.0" encoding="UTF-8"?>
<!-- Generated by org.testng.reporters.JUnitReportReporter -->
<testsuite hostname="PC350015" name="SaveAndDelete.Credit_Save" tests="1" failures="0" timestamp="29 Jan 2018 08:12:59 GMT" time="78.562" errors="0">
  <testcase name="CreditSave" time="78.562" classname="SaveAndDelete.Credit_Save"/>
</testsuite> <!-- SaveAndDelete.Credit_Save -->
