<?xml version="1.0" encoding="UTF-8"?>
<!-- Generated by org.testng.reporters.JUnitReportReporter -->
<testsuite hostname="PC350015" name="Search.Search_Dotw" tests="1" failures="0" timestamp="18 Jan 2018 05:55:43 GMT" time="43.073" errors="0">
  <testcase name="SearchDotw" time="43.073" classname="Search.Search_Dotw"/>
</testsuite> <!-- Search.Search_Dotw -->
