<?xml version="1.0" encoding="UTF-8"?>
<!-- Generated by org.testng.reporters.JUnitReportReporter -->
<testsuite hostname="PC350015" name="Booking.Credit_NFR_Multi_Room" tests="1" failures="0" timestamp="5 Feb 2018 05:51:48 GMT" time="67.054" errors="0">
  <testcase name="CreditBookNFRMultiRoom" time="67.054" classname="Booking.Credit_NFR_Multi_Room"/>
</testsuite> <!-- Booking.Credit_NFR_Multi_Room -->
