<?xml version="1.0" encoding="UTF-8"?>
<!-- Generated by org.testng.reporters.JUnitReportReporter -->
<testsuite hostname="PC350015" name="Booking.Prepay_Book" tests="1" failures="0" timestamp="29 Jan 2018 11:03:47 GMT" time="96.771" errors="0">
  <testcase name="PrepayBook" time="96.771" classname="Booking.Prepay_Book"/>
</testsuite> <!-- Booking.Prepay_Book -->
