<?xml version="1.0" encoding="UTF-8"?>
<!-- Generated by org.testng.reporters.JUnitReportReporter -->
<testsuite hostname="PC350015" name="Search.Search_Credit_Within_DeadLine" tests="1" failures="0" timestamp="17 Jan 2018 06:43:00 GMT" time="36.370" errors="0">
  <testcase name="SearchCreditWithinDeadLine" time="36.370" classname="Search.Search_Credit_Within_DeadLine"/>
</testsuite> <!-- Search.Search_Credit_Within_DeadLine -->
