<?xml version="1.0" encoding="UTF-8"?>
<!-- Generated by org.testng.reporters.JUnitReportReporter -->
<testsuite hostname="PC350015" name="Booking.Credit_Card_NFR_Multi_Room" tests="1" failures="0" timestamp="5 Feb 2018 05:58:44 GMT" time="44.821" errors="0">
  <testcase name="CreditCardBookNFRMultiRoom" time="44.821" classname="Booking.Credit_Card_NFR_Multi_Room"/>
</testsuite> <!-- Booking.Credit_Card_NFR_Multi_Room -->
