<?xml version="1.0" encoding="UTF-8"?>
<!-- Generated by org.testng.reporters.JUnitReportReporter -->
<testsuite hostname="PC350015" name="SaveAndDelete.Credit_Save" tests="1" failures="0" timestamp="15 Feb 2018 12:32:20 GMT" time="93.497" errors="0">
  <testcase name="CreditSave" time="93.497" classname="SaveAndDelete.Credit_Save"/>
</testsuite> <!-- SaveAndDelete.Credit_Save -->
