<?xml version="1.0" encoding="UTF-8"?>
<!-- Generated by org.testng.reporters.JUnitReportReporter -->
<testsuite hostname="PC350015" name="SaveAndDelete.Credit_Save_Within_DeadLine" tests="1" failures="0" timestamp="29 Jan 2018 07:58:59 GMT" time="76.748" errors="0">
  <testcase name="CreditSaveWithinDeadLine" time="76.748" classname="SaveAndDelete.Credit_Save_Within_DeadLine"/>
</testsuite> <!-- SaveAndDelete.Credit_Save_Within_DeadLine -->
