<?xml version="1.0" encoding="UTF-8"?>
<!-- Generated by org.testng.reporters.JUnitReportReporter -->
<testsuite hostname="PC350015" name="Search.Search_Credit" tests="1" failures="0" timestamp="13 Feb 2018 10:01:49 GMT" time="53.140" errors="0">
  <testcase name="SearchCredit" time="53.140" classname="Search.Search_Credit"/>
</testsuite> <!-- Search.Search_Credit -->
