<?xml version="1.0" encoding="UTF-8"?>
<!-- Generated by org.testng.reporters.JUnitReportReporter -->
<testsuite hostname="PC350015" name="Amend.Amend_Credit_Within_DeadLine" tests="1" failures="0" timestamp="7 Feb 2018 07:09:59 GMT" time="178.307" errors="0">
  <testcase name="CreditAmendWithinDeadline" time="178.307" classname="Amend.Amend_Credit_Within_DeadLine"/>
</testsuite> <!-- Amend.Amend_Credit_Within_DeadLine -->
