<?xml version="1.0" encoding="UTF-8"?>
<!-- Generated by org.testng.reporters.JUnitReportReporter -->
<testsuite hostname="PC350015" name="Booking.Prepay_Book" tests="1" failures="0" timestamp="14 Feb 2018 11:56:49 GMT" time="84.838" errors="0">
  <testcase name="PrepayBook" time="84.838" classname="Booking.Prepay_Book"/>
</testsuite> <!-- Booking.Prepay_Book -->
