<?xml version="1.0" encoding="UTF-8"?>
<!-- Generated by org.testng.reporters.JUnitReportReporter -->
<testsuite hostname="PC350015" name="Search.Search_Credit_Card" tests="1" failures="0" timestamp="13 Feb 2018 12:03:47 GMT" time="62.575" errors="0">
  <testcase name="SearchCreditCard" time="62.575" classname="Search.Search_Credit_Card"/>
</testsuite> <!-- Search.Search_Credit_Card -->
