<?xml version="1.0" encoding="UTF-8"?>
<!-- Generated by org.testng.reporters.JUnitReportReporter -->
<testsuite hostname="PC350015" name="Cancel.Cancel_Credit_NFR" tests="1" failures="0" timestamp="9 Feb 2018 08:45:26 GMT" time="105.052" errors="0">
  <testcase name="CreditCancelNFR" time="105.052" classname="Cancel.Cancel_Credit_NFR"/>
</testsuite> <!-- Cancel.Cancel_Credit_NFR -->
