<?xml version="1.0" encoding="UTF-8"?>
<!-- Generated by org.testng.reporters.JUnitReportReporter -->
<testsuite hostname="PC350015" name="Amend.Prepay_Amend" tests="1" failures="0" timestamp="15 Feb 2018 10:29:02 GMT" time="127.793" errors="0">
  <testcase name="PrepayAmend" time="127.793" classname="Amend.Prepay_Amend"/>
</testsuite> <!-- Amend.Prepay_Amend -->
