<?xml version="1.0" encoding="UTF-8"?>
<!-- Generated by org.testng.reporters.JUnitReportReporter -->
<testsuite hostname="PC350015" name="Booking.Book_Credit_DeadLine_Flag_Set" tests="1" failures="0" timestamp="5 Feb 2018 13:10:14 GMT" time="134.466" errors="0">
  <testcase name="BookCreditCardDeadlineFlagset" time="134.466" classname="Booking.Book_Credit_DeadLine_Flag_Set"/>
</testsuite> <!-- Booking.Book_Credit_DeadLine_Flag_Set -->
