<?xml version="1.0" encoding="UTF-8"?>
<!-- Generated by org.testng.reporters.JUnitReportReporter -->
<testsuite hostname="PC350015" name="Search.Search_Credit_Within_DeadLine" tests="1" failures="0" timestamp="13 Feb 2018 12:51:40 GMT" time="62.085" errors="0">
  <testcase name="SearchCreditWithinDeadLine" time="62.085" classname="Search.Search_Credit_Within_DeadLine"/>
</testsuite> <!-- Search.Search_Credit_Within_DeadLine -->
