<?xml version="1.0" encoding="UTF-8"?>
<!-- Generated by org.testng.reporters.JUnitReportReporter -->
<testsuite hostname="PC350015" name="Search.Search_Prepay_Within_DeadLine" tests="1" failures="0" timestamp="5 Feb 2018 09:58:57 GMT" time="55.885" errors="0">
  <testcase name="SearchPrepayWithinDeadLine" time="55.885" classname="Search.Search_Prepay_Within_DeadLine"/>
</testsuite> <!-- Search.Search_Prepay_Within_DeadLine -->
