<?xml version="1.0" encoding="UTF-8"?>
<!-- Generated by org.testng.reporters.JUnitReportReporter -->
<testsuite hostname="PC350015" name="Booking.Credit_Card_Book_Same_First_Name_Last_Name" tests="1" failures="0" timestamp="1 Feb 2018 07:09:16 GMT" time="82.773" errors="0">
  <testcase name="CreditCardBookSameFirstNameLastName" time="82.773" classname="Booking.Credit_Card_Book_Same_First_Name_Last_Name"/>
</testsuite> <!-- Booking.Credit_Card_Book_Same_First_Name_Last_Name -->
