<?xml version="1.0" encoding="UTF-8"?>
<!-- Generated by org.testng.reporters.JUnitReportReporter -->
<testsuite hostname="PC350015" name="Search.Search_Credit" tests="1" failures="0" timestamp="18 Jan 2018 06:07:04 GMT" time="36.063" errors="0">
  <testcase name="SearchCredit" time="36.063" classname="Search.Search_Credit"/>
</testsuite> <!-- Search.Search_Credit -->
