<?xml version="1.0" encoding="UTF-8"?>
<!-- Generated by org.testng.reporters.JUnitReportReporter -->
<testsuite hostname="PC350015" name="Amend.Amend_Credit_Card_Within_DeadLine" tests="1" failures="0" timestamp="7 Feb 2018 08:31:18 GMT" time="210.970" errors="0">
  <testcase name="CreditAmendWithinDeadline" time="210.970" classname="Amend.Amend_Credit_Card_Within_DeadLine"/>
</testsuite> <!-- Amend.Amend_Credit_Card_Within_DeadLine -->
