<?xml version="1.0" encoding="UTF-8"?>
<!-- Generated by org.testng.reporters.JUnitReportReporter -->
<testsuite hostname="PC350015" name="Amend.Prepay_Amend" tests="1" failures="0" timestamp="6 Feb 2018 07:35:19 GMT" time="133.749" errors="0">
  <testcase name="PrepayAmend" time="133.749" classname="Amend.Prepay_Amend"/>
</testsuite> <!-- Amend.Prepay_Amend -->
