<?xml version="1.0" encoding="UTF-8"?>
<!-- Generated by org.testng.reporters.JUnitReportReporter -->
<testsuite hostname="PC350015" name="Cancel.Prepay_Cancel" tests="1" failures="0" timestamp="15 Feb 2018 08:23:45 GMT" time="105.390" errors="0">
  <testcase name="PrepayCancel" time="105.390" classname="Cancel.Prepay_Cancel"/>
</testsuite> <!-- Cancel.Prepay_Cancel -->
