<?xml version="1.0" encoding="UTF-8"?>
<!-- Generated by org.testng.reporters.JUnitReportReporter -->
<testsuite hostname="PC350015" name="Search.Search_Credit" tests="1" failures="0" timestamp="15 Jan 2018 13:29:58 GMT" time="40.966" errors="0">
  <testcase name="SearchCredit" time="40.966" classname="Search.Search_Credit"/>
</testsuite> <!-- Search.Search_Credit -->
