<?xml version="1.0" encoding="UTF-8"?>
<!-- Generated by org.testng.reporters.JUnitReportReporter -->
<testsuite hostname="PC350015" name="Amend.Amend_Credit_NFR" tests="1" failures="0" timestamp="7 Feb 2018 13:24:36 GMT" time="123.790" errors="0">
  <testcase name="CreditAmendNFR" time="123.790" classname="Amend.Amend_Credit_NFR"/>
</testsuite> <!-- Amend.Amend_Credit_NFR -->
