<?xml version="1.0" encoding="UTF-8"?>
<!-- Generated by org.testng.reporters.JUnitReportReporter -->
<testsuite hostname="PC350015" name="Cancel.Cancel_Credit_Card_Within_DeadLine" tests="1" failures="0" timestamp="12 Feb 2018 13:41:19 GMT" time="121.952" errors="0">
  <testcase name="CreditCardCancelWithinDeadLine" time="121.952" classname="Cancel.Cancel_Credit_Card_Within_DeadLine"/>
</testsuite> <!-- Cancel.Cancel_Credit_Card_Within_DeadLine -->
