<?xml version="1.0" encoding="UTF-8"?>
<!-- Generated by org.testng.reporters.JUnitReportReporter -->
<testsuite hostname="PC350015" name="Search.Search_Prepay" tests="1" failures="0" timestamp="13 Feb 2018 09:18:37 GMT" time="56.434" errors="0">
  <testcase name="SearchPrepay" time="56.434" classname="Search.Search_Prepay"/>
</testsuite> <!-- Search.Search_Prepay -->
