<?xml version="1.0" encoding="UTF-8"?>
<!-- Generated by org.testng.reporters.JUnitReportReporter -->
<testsuite hostname="PC350015" name="Booking.Prepay_Book_Same_First_Name_Last_Name" tests="1" failures="0" timestamp="15 Feb 2018 07:43:19 GMT" time="68.346" errors="0">
  <testcase name="PrepayBook" time="68.346" classname="Booking.Prepay_Book_Same_First_Name_Last_Name"/>
</testsuite> <!-- Booking.Prepay_Book_Same_First_Name_Last_Name -->
