<?xml version="1.0" encoding="UTF-8"?>
<!-- Generated by org.testng.reporters.JUnitReportReporter -->
<testsuite hostname="PC350015" name="Booking.Prepay_Book_Same_First_Name_Last_Name" tests="1" failures="0" timestamp="1 Feb 2018 05:58:56 GMT" time="61.705" errors="0">
  <testcase name="PrepayBook" time="61.705" classname="Booking.Prepay_Book_Same_First_Name_Last_Name"/>
</testsuite> <!-- Booking.Prepay_Book_Same_First_Name_Last_Name -->
