<?xml version="1.0" encoding="UTF-8"?>
<!-- Generated by org.testng.reporters.JUnitReportReporter -->
<testsuite hostname="PC350015" name="Search.Search_Credit_Card_Within_DeadLine" tests="1" failures="0" timestamp="13 Feb 2018 13:23:34 GMT" time="63.442" errors="0">
  <testcase name="SearchCreditWithinDeadLine" time="63.442" classname="Search.Search_Credit_Card_Within_DeadLine"/>
</testsuite> <!-- Search.Search_Credit_Card_Within_DeadLine -->
