<?xml version="1.0" encoding="UTF-8"?>
<!-- Generated by org.testng.reporters.JUnitReportReporter -->
<testsuite hostname="PC350015" name="SaveAndDelete.Credit_Card_Save" tests="1" failures="0" timestamp="18 Jan 2018 13:30:11 GMT" time="91.685" errors="0">
  <testcase name="CreditCardSave" time="91.685" classname="SaveAndDelete.Credit_Card_Save"/>
</testsuite> <!-- SaveAndDelete.Credit_Card_Save -->
