<?xml version="1.0" encoding="UTF-8"?>
<!-- Generated by org.testng.reporters.JUnitReportReporter -->
<testsuite hostname="PC350015" name="Search.Search_Prepay_Within_DeadLine" tests="1" failures="0" timestamp="13 Feb 2018 12:41:20 GMT" time="66.006" errors="0">
  <testcase name="SearchPrepayWithinDeadLine" time="66.006" classname="Search.Search_Prepay_Within_DeadLine"/>
</testsuite> <!-- Search.Search_Prepay_Within_DeadLine -->
