<?xml version="1.0" encoding="UTF-8"?>
<!-- Generated by org.testng.reporters.JUnitReportReporter -->
<testsuite hostname="PC350015" name="Search.Search_Prepay" tests="1" failures="0" timestamp="15 Jan 2018 14:08:19 GMT" time="47.396" errors="0">
  <testcase name="SearchPrepay" time="47.396" classname="Search.Search_Prepay"/>
</testsuite> <!-- Search.Search_Prepay -->
