<?xml version="1.0" encoding="UTF-8"?>
<!-- Generated by org.testng.reporters.JUnitReportReporter -->
<testsuite hostname="PC350015" name="Booking.Credit_Book_Same_First_Name_Last_Name" tests="1" failures="0" timestamp="1 Feb 2018 07:37:12 GMT" time="84.596" errors="0">
  <testcase name="CreditBookSameFirstNameLastName" time="84.596" classname="Booking.Credit_Book_Same_First_Name_Last_Name"/>
</testsuite> <!-- Booking.Credit_Book_Same_First_Name_Last_Name -->
